<?xml version="1.0" encoding="UTF-8"?>
<!-- Generated by org.testng.reporters.JUnitReportReporter -->
<testsuite hostname="C02YQGKGLVCF" failures="0" tests="1" name="TestCases.TestCaseFirst" time="10.587" errors="0" timestamp="06 Jul 2020 09:34:24 GMT" skipped="0">
  <testcase classname="TestCases.TestCaseFirst" name="addToCart" time="10.587"/>
</testsuite> <!-- TestCases.TestCaseFirst -->
